2026-06-22 11:45:12 | INFO     | postprocessing.refinement | refinement:29 | ParticleRefiner initialized: radius_range=(16, 128), subpixel=True
2026-06-22 11:45:12 | INFO     | postprocessing.refinement | refinement:29 | ParticleRefiner initialized: radius_range=(16, 128), subpixel=True
2026-06-22 11:45:46 | INFO     | postprocessing.refinement | refinement:29 | ParticleRefiner initialized: radius_range=(16, 128), subpixel=True
2026-06-22 11:45:46 | INFO     | postprocessing.refinement | refinement:29 | ParticleRefiner initialized: radius_range=(16, 128), subpixel=True
2026-06-22 11:47:03 | INFO     | postprocessing.refinement | refinement:29 | ParticleRefiner initialized: radius_range=(16, 128), subpixel=True
2026-06-22 11:47:03 | INFO     | postprocessing.refinement | refinement:29 | ParticleRefiner initialized: radius_range=(16, 128), subpixel=True
2026-06-22 11:47:04 | INFO     | postprocessing.refinement | refinement:29 | ParticleRefiner initialized: radius_range=(16, 128), subpixel=True
2026-06-22 11:54:44 | INFO     | postprocessing.refinement | refinement:29 | ParticleRefiner initialized: radius_range=(16, 128), subpixel=True
2026-06-22 11:54:45 | INFO     | postprocessing.refinement | refinement:29 | ParticleRefiner initialized: radius_range=(16, 128), subpixel=True
2026-06-22 11:57:48 | INFO     | postprocessing.refinement | refinement:29 | ParticleRefiner initialized: radius_range=(16, 128), subpixel=True
2026-06-22 11:57:49 | INFO     | postprocessing.refinement | refinement:29 | ParticleRefiner initialized: radius_range=(16, 128), subpixel=True
2026-06-22 12:00:30 | INFO     | postprocessing.refinement | refinement:29 | ParticleRefiner initialized: radius_range=(16, 128), subpixel=True
2026-06-22 12:00:31 | INFO     | postprocessing.refinement | refinement:29 | ParticleRefiner initialized: radius_range=(16, 128), subpixel=True
2026-06-22 12:03:22 | INFO     | postprocessing.refinement | refinement:29 | ParticleRefiner initialized: radius_range=(16, 128), subpixel=True
2026-06-22 12:03:26 | INFO     | postprocessing.refinement | refinement:29 | ParticleRefiner initialized: radius_range=(16, 128), subpixel=True
2026-06-22 12:03:26 | INFO     | postprocessing.refinement | refinement:204 | Exported 2 coordinates to C:\Users\ZhuanZ\AppData\Local\Temp\tmp93cbayqt\coords.star (star)
2026-06-22 12:03:26 | INFO     | postprocessing.refinement | refinement:204 | Exported 2 coordinates to C:\Users\ZhuanZ\AppData\Local\Temp\tmp93cbayqt\coords.csv (csv)
2026-06-22 12:03:26 | INFO     | postprocessing.refinement | refinement:204 | Exported 2 coordinates to C:\Users\ZhuanZ\AppData\Local\Temp\tmp93cbayqt\coords.tsv (tsv)
2026-06-22 12:03:26 | INFO     | postprocessing.refinement | refinement:204 | Exported 2 coordinates to C:\Users\ZhuanZ\AppData\Local\Temp\tmp93cbayqt\coords.coords (coords)
2026-06-22 12:04:19 | INFO     | postprocessing.refinement | refinement:29 | ParticleRefiner initialized: radius_range=(16, 128), subpixel=True
2026-06-22 12:04:27 | INFO     | postprocessing.refinement | refinement:29 | ParticleRefiner initialized: radius_range=(16, 128), subpixel=True
2026-06-22 12:04:27 | INFO     | postprocessing.refinement | refinement:204 | Exported 1 coordinates to C:\Users\ZhuanZ\AppData\Local\Temp\tmpapsnt1sm\coords.star (star)
2026-06-22 12:04:27 | INFO     | postprocessing.refinement | refinement:204 | Exported 1 coordinates to C:\Users\ZhuanZ\AppData\Local\Temp\tmpapsnt1sm\coords.csv (csv)
2026-06-22 12:04:27 | INFO     | postprocessing.refinement | refinement:204 | Exported 1 coordinates to C:\Users\ZhuanZ\AppData\Local\Temp\tmpapsnt1sm\coords.tsv (tsv)
2026-06-22 12:04:27 | INFO     | postprocessing.refinement | refinement:204 | Exported 1 coordinates to C:\Users\ZhuanZ\AppData\Local\Temp\tmpapsnt1sm\coords.coords (coords)
2026-06-22 12:06:37 | INFO     | postprocessing.refinement | refinement:29 | ParticleRefiner initialized: radius_range=(16, 128), subpixel=True
2026-06-22 12:06:39 | INFO     | postprocessing.refinement | refinement:29 | ParticleRefiner initialized: radius_range=(16, 128), subpixel=True
2026-06-22 12:06:39 | INFO     | postprocessing.refinement | refinement:204 | Exported 1 coordinates to C:\Users\ZhuanZ\AppData\Local\Temp\tmp5rjnhlle\coords.star (star)
2026-06-22 12:06:39 | INFO     | postprocessing.refinement | refinement:204 | Exported 1 coordinates to C:\Users\ZhuanZ\AppData\Local\Temp\tmp5rjnhlle\coords.csv (csv)
2026-06-22 12:06:39 | INFO     | postprocessing.refinement | refinement:204 | Exported 1 coordinates to C:\Users\ZhuanZ\AppData\Local\Temp\tmp5rjnhlle\coords.tsv (tsv)
2026-06-22 12:06:39 | INFO     | postprocessing.refinement | refinement:204 | Exported 1 coordinates to C:\Users\ZhuanZ\AppData\Local\Temp\tmp5rjnhlle\coords.coords (coords)
2026-06-22 12:07:50 | INFO     | postprocessing.refinement | refinement:29 | ParticleRefiner initialized: radius_range=(16, 128), subpixel=True
2026-06-22 12:07:52 | INFO     | postprocessing.refinement | refinement:29 | ParticleRefiner initialized: radius_range=(16, 128), subpixel=True
2026-06-22 12:07:52 | INFO     | postprocessing.refinement | refinement:204 | Exported 2 coordinates to C:\Users\ZhuanZ\AppData\Local\Temp\tmp_w7rlbx3\coords.star (star)
2026-06-22 12:07:52 | INFO     | postprocessing.refinement | refinement:204 | Exported 2 coordinates to C:\Users\ZhuanZ\AppData\Local\Temp\tmp_w7rlbx3\coords.csv (csv)
2026-06-22 12:07:52 | INFO     | postprocessing.refinement | refinement:204 | Exported 2 coordinates to C:\Users\ZhuanZ\AppData\Local\Temp\tmp_w7rlbx3\coords.tsv (tsv)
2026-06-22 12:07:52 | INFO     | postprocessing.refinement | refinement:204 | Exported 2 coordinates to C:\Users\ZhuanZ\AppData\Local\Temp\tmp_w7rlbx3\coords.coords (coords)
2026-06-22 12:36:24 | INFO     | postprocessing.refinement | refinement:29 | ParticleRefiner initialized: radius_range=(16, 128), subpixel=True
2026-06-22 12:36:26 | INFO     | postprocessing.refinement | refinement:29 | ParticleRefiner initialized: radius_range=(16, 128), subpixel=True
2026-06-22 12:36:26 | INFO     | postprocessing.refinement | refinement:204 | Exported 1 coordinates to C:\Users\ZhuanZ\AppData\Local\Temp\tmpy62rkqkp\coords.star (star)
2026-06-22 12:36:26 | INFO     | postprocessing.refinement | refinement:204 | Exported 1 coordinates to C:\Users\ZhuanZ\AppData\Local\Temp\tmpy62rkqkp\coords.csv (csv)
2026-06-22 12:36:26 | INFO     | postprocessing.refinement | refinement:204 | Exported 1 coordinates to C:\Users\ZhuanZ\AppData\Local\Temp\tmpy62rkqkp\coords.tsv (tsv)
2026-06-22 12:36:26 | INFO     | postprocessing.refinement | refinement:204 | Exported 1 coordinates to C:\Users\ZhuanZ\AppData\Local\Temp\tmpy62rkqkp\coords.coords (coords)
2026-06-22 12:37:51 | INFO     | postprocessing.refinement | refinement:29 | ParticleRefiner initialized: radius_range=(16, 128), subpixel=True
2026-06-22 12:37:54 | INFO     | postprocessing.refinement | refinement:29 | ParticleRefiner initialized: radius_range=(16, 128), subpixel=True
2026-06-22 12:37:54 | INFO     | postprocessing.refinement | refinement:204 | Exported 2 coordinates to C:\Users\ZhuanZ\AppData\Local\Temp\tmphmsw8bks\coords.star (star)
2026-06-22 12:37:54 | INFO     | postprocessing.refinement | refinement:204 | Exported 2 coordinates to C:\Users\ZhuanZ\AppData\Local\Temp\tmphmsw8bks\coords.csv (csv)
2026-06-22 12:37:54 | INFO     | postprocessing.refinement | refinement:204 | Exported 2 coordinates to C:\Users\ZhuanZ\AppData\Local\Temp\tmphmsw8bks\coords.tsv (tsv)
2026-06-22 12:37:54 | INFO     | postprocessing.refinement | refinement:204 | Exported 2 coordinates to C:\Users\ZhuanZ\AppData\Local\Temp\tmphmsw8bks\coords.coords (coords)
2026-06-22 12:40:36 | INFO     | postprocessing.refinement | refinement:29 | ParticleRefiner initialized: radius_range=(16, 128), subpixel=True
2026-06-22 12:40:38 | INFO     | postprocessing.refinement | refinement:29 | ParticleRefiner initialized: radius_range=(16, 128), subpixel=True
2026-06-22 12:40:38 | INFO     | postprocessing.refinement | refinement:204 | Exported 2 coordinates to C:\Users\ZhuanZ\AppData\Local\Temp\tmpen9kaj94\coords.star (star)
2026-06-22 12:40:39 | INFO     | postprocessing.refinement | refinement:204 | Exported 2 coordinates to C:\Users\ZhuanZ\AppData\Local\Temp\tmpen9kaj94\coords.csv (csv)
2026-06-22 12:40:39 | INFO     | postprocessing.refinement | refinement:204 | Exported 2 coordinates to C:\Users\ZhuanZ\AppData\Local\Temp\tmpen9kaj94\coords.tsv (tsv)
2026-06-22 12:40:39 | INFO     | postprocessing.refinement | refinement:204 | Exported 2 coordinates to C:\Users\ZhuanZ\AppData\Local\Temp\tmpen9kaj94\coords.coords (coords)
2026-06-22 12:41:04 | INFO     | postprocessing.refinement | refinement:29 | ParticleRefiner initialized: radius_range=(16, 128), subpixel=True
2026-06-22 12:41:06 | INFO     | postprocessing.refinement | refinement:29 | ParticleRefiner initialized: radius_range=(16, 128), subpixel=True
2026-06-22 12:41:06 | INFO     | postprocessing.refinement | refinement:204 | Exported 1 coordinates to C:\Users\ZhuanZ\AppData\Local\Temp\tmpa1t4qk52\coords.star (star)
2026-06-22 12:41:06 | INFO     | postprocessing.refinement | refinement:204 | Exported 1 coordinates to C:\Users\ZhuanZ\AppData\Local\Temp\tmpa1t4qk52\coords.csv (csv)
2026-06-22 12:41:06 | INFO     | postprocessing.refinement | refinement:204 | Exported 1 coordinates to C:\Users\ZhuanZ\AppData\Local\Temp\tmpa1t4qk52\coords.tsv (tsv)
2026-06-22 12:41:06 | INFO     | postprocessing.refinement | refinement:204 | Exported 1 coordinates to C:\Users\ZhuanZ\AppData\Local\Temp\tmpa1t4qk52\coords.coords (coords)
2026-06-22 12:43:32 | INFO     | postprocessing.refinement | refinement:29 | ParticleRefiner initialized: radius_range=(16, 128), subpixel=True
2026-06-22 12:43:35 | INFO     | postprocessing.refinement | refinement:29 | ParticleRefiner initialized: radius_range=(16, 128), subpixel=True
2026-06-22 12:43:35 | INFO     | postprocessing.refinement | refinement:204 | Exported 1 coordinates to C:\Users\ZhuanZ\AppData\Local\Temp\tmp9_dn90v3\coords.star (star)
2026-06-22 12:43:35 | INFO     | postprocessing.refinement | refinement:204 | Exported 1 coordinates to C:\Users\ZhuanZ\AppData\Local\Temp\tmp9_dn90v3\coords.csv (csv)
2026-06-22 12:43:35 | INFO     | postprocessing.refinement | refinement:204 | Exported 1 coordinates to C:\Users\ZhuanZ\AppData\Local\Temp\tmp9_dn90v3\coords.tsv (tsv)
2026-06-22 12:43:35 | INFO     | postprocessing.refinement | refinement:204 | Exported 1 coordinates to C:\Users\ZhuanZ\AppData\Local\Temp\tmp9_dn90v3\coords.coords (coords)
2026-06-22 12:44:31 | INFO     | postprocessing.refinement | refinement:29 | ParticleRefiner initialized: radius_range=(16, 128), subpixel=True
2026-06-22 12:44:31 | INFO     | postprocessing.refinement | refinement:29 | ParticleRefiner initialized: radius_range=(16, 128), subpixel=True
